<?xml version="1.0" encoding="UTF-8"?>
<!-- Generated by org.testng.reporters.JUnitReportReporter -->
<testsuite hostname="IngAlexander" failures="0" tests="1" name="com.demoblaze.automation.tests.CompraE2ETestNG" time="25.833" errors="0" timestamp="2025-06-05T22:04:09 COT" skipped="0">
  <testcase classname="com.demoblaze.automation.tests.CompraE2ETestNG" name="testCompraE2E" time="25.833"/>
</testsuite> <!-- com.demoblaze.automation.tests.CompraE2ETestNG -->
